<?xml version="1.0" encoding="UTF-8"?>
<!-- Generated by org.testng.reporters.JUnitReportReporter -->
<testsuite skipped="0" hostname="LAPTOP-T3E5G6UL" name="week5.day1.BasicReports" tests="1" failures="0" timestamp="09 Feb 2019 03:35:45 GMT" time="0.620" errors="0">
  <testcase name="runReport" time="0.620" classname="week5.day1.BasicReports"/>
</testsuite> <!-- week5.day1.BasicReports -->
