<?xml version="1.0" encoding="UTF-8"?>
<!-- Generated by org.testng.reporters.JUnitReportReporter -->
<testsuite skipped="0" hostname="LAPTOP-T3E5G6UL" name="bl.framework.api.SeleniumBase" tests="1" failures="0" timestamp="09 Feb 2019 18:55:04 GMT" time="0.281" errors="0">
  <testcase name="startReport" time="0.281" classname="bl.framework.api.SeleniumBase"/>
</testsuite> <!-- bl.framework.api.SeleniumBase -->
