<?xml version="1.0" encoding="UTF-8"?>
<!-- Generated by org.testng.reporters.JUnitReportReporter -->
<testsuite skipped="0" hostname="LAPTOP-T3E5G6UL" name="week5.Project.ZoomCar" tests="1" failures="0" timestamp="17 Feb 2019 03:55:55 GMT" time="59.192" errors="0">
  <testcase name="zoomCar" time="59.192" classname="week5.Project.ZoomCar"/>
</testsuite> <!-- week5.Project.ZoomCar -->
